# JRE version: Java(TM) SE Runtime Environment (8.0_71-b15) (build 1.8.0_71-b15)
# Java VM: Java HotSpot(TM) 64-Bit Server VM (25.71-b15 mixed mode windows-amd64 compressed oops)
Heap:
 PSYoungGen      total 323584K, used 34848K [0x00000000e0000000, 0x00000000f8500000, 0x0000000100000000)
  eden space 306688K, 5% used [0x00000000e0000000,0x00000000e1190058,0x00000000f2b80000)
  from space 16896K, 99% used [0x00000000f4280000,0x00000000f52f8030,0x00000000f5300000)
  to   space 23552K, 0% used [0x00000000f2b80000,0x00000000f2b80000,0x00000000f4280000)
 ParOldGen       total 101888K, used 35733K [0x00000000a0000000, 0x00000000a6380000, 0x00000000e0000000)
  object space 101888K, 35% used [0x00000000a0000000,0x00000000a22e5528,0x00000000a6380000)
 Metaspace       used 50817K, capacity 52034K, committed 52224K, reserved 1093632K
  class space    used 6809K, capacity 7095K, committed 7168K, reserved 1048576K
GC Heap History (10 events):
Event: 33.516 GC heap before
{Heap before GC invocations=8 (full 1):
 PSYoungGen      total 155136K, used 19008K [0x00000000e0000000, 0x00000000eb800000, 0x0000000100000000)
  eden space 144384K, 5% used [0x00000000e0000000,0x00000000e0813ab0,0x00000000e8d00000)
  from space 10752K, 99% used [0x00000000e9900000,0x00000000ea37c918,0x00000000ea380000)
  to   space 12288K, 0% used [0x00000000e8d00000,0x00000000e8d00000,0x00000000e9900000)
 ParOldGen       total 73216K, used 8996K [0x00000000a0000000, 0x00000000a4780000, 0x00000000e0000000)
  object space 73216K, 12% used [0x00000000a0000000,0x00000000a08c9340,0x00000000a4780000)
 Metaspace       used 34583K, capacity 35054K, committed 35456K, reserved 1079296K
  class space    used 4728K, capacity 4868K, committed 4992K, reserved 1048576K
Event: 33.535 GC heap after
Heap after GC invocations=8 (full 1):
 PSYoungGen      total 156672K, used 8026K [0x00000000e0000000, 0x00000000f1c80000, 0x0000000100000000)
  eden space 144384K, 0% used [0x00000000e0000000,0x00000000e0000000,0x00000000e8d00000)
  from space 12288K, 65% used [0x00000000e8d00000,0x00000000e94d6908,0x00000000e9900000)
  to   space 11776K, 0% used [0x00000000f1100000,0x00000000f1100000,0x00000000f1c80000)
 ParOldGen       total 73216K, used 9076K [0x00000000a0000000, 0x00000000a4780000, 0x00000000e0000000)
  object space 73216K, 12% used [0x00000000a0000000,0x00000000a08dd368,0x00000000a4780000)
 Metaspace       used 34583K, capacity 35054K, committed 35456K, reserved 1079296K
  class space    used 4728K, capacity 4868K, committed 4992K, reserved 1048576K
}
Event: 33.535 GC heap before
{Heap before GC invocations=9 (full 2):
 PSYoungGen      total 156672K, used 8026K [0x00000000e0000000, 0x00000000f1c80000, 0x0000000100000000)
  eden space 144384K, 0% used [0x00000000e0000000,0x00000000e0000000,0x00000000e8d00000)
  from space 12288K, 65% used [0x00000000e8d00000,0x00000000e94d6908,0x00000000e9900000)
  to   space 11776K, 0% used [0x00000000f1100000,0x00000000f1100000,0x00000000f1c80000)
 ParOldGen       total 73216K, used 9076K [0x00000000a0000000, 0x00000000a4780000, 0x00000000e0000000)
  object space 73216K, 12% used [0x00000000a0000000,0x00000000a08dd368,0x00000000a4780000)
 Metaspace       used 34583K, capacity 35054K, committed 35456K, reserved 1079296K
  class space    used 4728K, capacity 4868K, committed 4992K, reserved 1048576K
Event: 33.717 GC heap after
Heap after GC invocations=9 (full 2):
 PSYoungGen      total 156672K, used 0K [0x00000000e0000000, 0x00000000f1c80000, 0x0000000100000000)
  eden space 144384K, 0% used [0x00000000e0000000,0x00000000e0000000,0x00000000e8d00000)
  from space 12288K, 0% used [0x00000000e8d00000,0x00000000e8d00000,0x00000000e9900000)
  to   space 11776K, 0% used [0x00000000f1100000,0x00000000f1100000,0x00000000f1c80000)
 ParOldGen       total 101888K, used 14777K [0x00000000a0000000, 0x00000000a6380000, 0x00000000e0000000)
  object space 101888K, 14% used [0x00000000a0000000,0x00000000a0e6e678,0x00000000a6380000)
 Metaspace       used 34583K, capacity 35054K, committed 35456K, reserved 1079296K
  class space    used 4728K, capacity 4868K, committed 4992K, reserved 1048576K
}
Event: 37.686 GC heap before
{Heap before GC invocations=10 (full 2):
 PSYoungGen      total 156672K, used 144384K [0x00000000e0000000, 0x00000000f1c80000, 0x0000000100000000)
  eden space 144384K, 100% used [0x00000000e0000000,0x00000000e8d00000,0x00000000e8d00000)
  from space 12288K, 0% used [0x00000000e8d00000,0x00000000e8d00000,0x00000000e9900000)
  to   space 11776K, 0% used [0x00000000f1100000,0x00000000f1100000,0x00000000f1c80000)
 ParOldGen       total 101888K, used 14777K [0x00000000a0000000, 0x00000000a6380000, 0x00000000e0000000)
  object space 101888K, 14% used [0x00000000a0000000,0x00000000a0e6e678,0x00000000a6380000)
 Metaspace       used 42961K, capacity 43802K, committed 44288K, reserved 1087488K
  class space    used 5835K, capacity 6053K, committed 6144K, reserved 1048576K
Event: 37.728 GC heap after
Heap after GC invocations=10 (full 2):
 PSYoungGen      total 243712K, used 10540K [0x00000000e0000000, 0x00000000f1b80000, 0x0000000100000000)
  eden space 232960K, 0% used [0x00000000e0000000,0x00000000e0000000,0x00000000ee380000)
  from space 10752K, 98% used [0x00000000f1100000,0x00000000f1b4b308,0x00000000f1b80000)
  to   space 12288K, 0% used [0x00000000f0380000,0x00000000f0380000,0x00000000f0f80000)
 ParOldGen       total 101888K, used 14785K [0x00000000a0000000, 0x00000000a6380000, 0x00000000e0000000)
  object space 101888K, 14% used [0x00000000a0000000,0x00000000a0e70678,0x00000000a6380000)
 Metaspace       used 42961K, capacity 43802K, committed 44288K, reserved 1087488K
  class space    used 5835K, capacity 6053K, committed 6144K, reserved 1048576K
}
Event: 47.783 GC heap before
{Heap before GC invocations=11 (full 2):
 PSYoungGen      total 243712K, used 243500K [0x00000000e0000000, 0x00000000f1b80000, 0x0000000100000000)
  eden space 232960K, 100% used [0x00000000e0000000,0x00000000ee380000,0x00000000ee380000)
  from space 10752K, 98% used [0x00000000f1100000,0x00000000f1b4b308,0x00000000f1b80000)
  to   space 12288K, 0% used [0x00000000f0380000,0x00000000f0380000,0x00000000f0f80000)
 ParOldGen       total 101888K, used 14785K [0x00000000a0000000, 0x00000000a6380000, 0x00000000e0000000)
  object space 101888K, 14% used [0x00000000a0000000,0x00000000a0e70678,0x00000000a6380000)
 Metaspace       used 48150K, capacity 49386K, committed 49664K, reserved 1091584K
  class space    used 6553K, capacity 6861K, committed 6912K, reserved 1048576K
Event: 47.860 GC heap after
Heap after GC invocations=11 (full 2):
 PSYoungGen      total 278016K, used 12256K [0x00000000e0000000, 0x00000000f5300000, 0x0000000100000000)
  eden space 265728K, 0% used [0x00000000e0000000,0x00000000e0000000,0x00000000f0380000)
  from space 12288K, 99% used [0x00000000f0380000,0x00000000f0f78208,0x00000000f0f80000)
  to   space 16896K, 0% used [0x00000000f4280000,0x00000000f4280000,0x00000000f5300000)
 ParOldGen       total 101888K, used 23345K [0x00000000a0000000, 0x00000000a6380000, 0x00000000e0000000)
  object space 101888K, 22% used [0x00000000a0000000,0x00000000a16cc518,0x00000000a6380000)
 Metaspace       used 48150K, capacity 49386K, committed 49664K, reserved 1091584K
  class space    used 6553K, capacity 6861K, committed 6912K, reserved 1048576K
}
Event: 60.702 GC heap before
{Heap before GC invocations=12 (full 2):
 PSYoungGen      total 278016K, used 277984K [0x00000000e0000000, 0x00000000f5300000, 0x0000000100000000)
  eden space 265728K, 100% used [0x00000000e0000000,0x00000000f0380000,0x00000000f0380000)
  from space 12288K, 99% used [0x00000000f0380000,0x00000000f0f78208,0x00000000f0f80000)
  to   space 16896K, 0% used [0x00000000f4280000,0x00000000f4280000,0x00000000f5300000)
 ParOldGen       total 101888K, used 23345K [0x00000000a0000000, 0x00000000a6380000, 0x00000000e0000000)
  object space 101888K, 22% used [0x00000000a0000000,0x00000000a16cc518,0x00000000a6380000)
 Metaspace       used 50788K, capacity 52034K, committed 52224K, reserved 1093632K
  class space    used 6809K, capacity 7095K, committed 7168K, reserved 1048576K
Event: 60.795 GC heap after
Heap after GC invocations=12 (full 2):
 PSYoungGen      total 323584K, used 16864K [0x00000000e0000000, 0x00000000f8500000, 0x0000000100000000)
  eden space 306688K, 0% used [0x00000000e0000000,0x00000000e0000000,0x00000000f2b80000)
  from space 16896K, 99% used [0x00000000f4280000,0x00000000f52f8030,0x00000000f5300000)
  to   space 23552K, 0% used [0x00000000f2b80000,0x00000000f2b80000,0x00000000f4280000)
 ParOldGen       total 101888K, used 35733K [0x00000000a0000000, 0x00000000a6380000, 0x00000000e0000000)
  object space 101888K, 35% used [0x00000000a0000000,0x00000000a22e5528,0x00000000a6380000)
 Metaspace       used 50788K, capacity 52034K, committed 52224K, reserved 1093632K
  class space    used 6809K, capacity 7095K, committed 7168K, reserved 1048576K
}

